2017-05-18 00:00:14 [RMI TCP Connection(2)-192.168.199.129] o.s.b.a.SpringApplicationAdminMXBeanRegistrar$SpringApplicationAdmin - Application shutdown requested.
2017-05-18 00:00:14 [RMI TCP Connection(2)-192.168.199.129] o.s.b.c.e.AnnotationConfigEmbeddedWebApplicationContext - Closing org.springframework.boot.context.embedded.AnnotationConfigEmbeddedWebApplicationContext@c86b9e3: startup date [Wed May 17 23:51:18 CST 2017]; root of context hierarchy
2017-05-18 00:00:14 [RMI TCP Connection(2)-192.168.199.129] o.s.j.e.a.AnnotationMBeanExporter - Unregistering JMX-exposed beans on shutdown
2017-05-18 00:00:14 [RMI TCP Connection(2)-192.168.199.129] o.s.s.c.ThreadPoolTaskExecutor - Shutting down ExecutorService 'myAsync'
2017-05-18 00:00:14 [RMI TCP Connection(2)-192.168.199.129] o.s.s.c.ThreadPoolTaskExecutor - Shutting down ExecutorService 'myAsyncTest'
2017-05-18 00:00:14 [RMI TCP Connection(2)-192.168.199.129] o.s.o.j.LocalContainerEntityManagerFactoryBean - Closing JPA EntityManagerFactory for persistence unit 'default'
2017-05-18 00:00:17 [main] c.o.tentacle.TentacleApplication - Starting TentacleApplication on DESKTOP-4F745EF with PID 18136 (C:\Soft\MyTools\Java\Tentacle\target\classes started by dell in C:\Soft\MyTools\Java\Tentacle)
2017-05-18 00:00:17 [main] c.o.tentacle.TentacleApplication - The following profiles are active: dev
2017-05-18 00:00:17 [main] o.s.b.c.e.AnnotationConfigEmbeddedWebApplicationContext - Refreshing org.springframework.boot.context.embedded.AnnotationConfigEmbeddedWebApplicationContext@3af9c5b7: startup date [Thu May 18 00:00:17 CST 2017]; root of context hierarchy
2017-05-18 00:00:19 [main] o.s.c.s.PostProcessorRegistrationDelegate$BeanPostProcessorChecker - Bean 'org.springframework.transaction.annotation.ProxyTransactionManagementConfiguration' of type [class org.springframework.transaction.annotation.ProxyTransactionManagementConfiguration$$EnhancerBySpringCGLIB$$4406730] is not eligible for getting processed by all BeanPostProcessors (for example: not eligible for auto-proxying)
2017-05-18 00:00:19 [main] o.s.b.c.e.t.TomcatEmbeddedServletContainer - Tomcat initialized with port(s): 61234 (http)
2017-05-18 00:00:19 [main] o.a.catalina.core.StandardService - Starting service Tomcat
2017-05-18 00:00:19 [main] o.a.catalina.core.StandardEngine - Starting Servlet Engine: Apache Tomcat/8.5.6
2017-05-18 00:00:19 [localhost-startStop-1] o.a.c.c.C.[Tomcat].[localhost].[/] - Initializing Spring embedded WebApplicationContext
2017-05-18 00:00:19 [localhost-startStop-1] o.s.web.context.ContextLoader - Root WebApplicationContext: initialization completed in 2013 ms
2017-05-18 00:00:19 [localhost-startStop-1] o.s.b.w.s.ServletRegistrationBean - Mapping servlet: 'dispatcherServlet' to [/]
2017-05-18 00:00:19 [localhost-startStop-1] o.s.b.w.s.FilterRegistrationBean - Mapping filter: 'characterEncodingFilter' to: [/*]
2017-05-18 00:00:19 [localhost-startStop-1] o.s.b.w.s.FilterRegistrationBean - Mapping filter: 'hiddenHttpMethodFilter' to: [/*]
2017-05-18 00:00:19 [localhost-startStop-1] o.s.b.w.s.FilterRegistrationBean - Mapping filter: 'httpPutFormContentFilter' to: [/*]
2017-05-18 00:00:19 [localhost-startStop-1] o.s.b.w.s.FilterRegistrationBean - Mapping filter: 'requestContextFilter' to: [/*]
2017-05-18 00:00:20 [main] o.s.o.j.LocalContainerEntityManagerFactoryBean - Building JPA container EntityManagerFactory for persistence unit 'default'
2017-05-18 00:00:20 [main] o.h.jpa.internal.util.LogHelper - HHH000204: Processing PersistenceUnitInfo [
	name: default
	...]
2017-05-18 00:00:20 [main] org.hibernate.Version - HHH000412: Hibernate Core {5.0.11.Final}
2017-05-18 00:00:20 [main] org.hibernate.cfg.Environment - HHH000206: hibernate.properties not found
2017-05-18 00:00:20 [main] org.hibernate.cfg.Environment - HHH000021: Bytecode provider name : javassist
2017-05-18 00:00:20 [main] o.h.annotations.common.Version - HCANN000001: Hibernate Commons Annotations {5.0.1.Final}
2017-05-18 00:00:20 [main] org.hibernate.dialect.Dialect - HHH000400: Using dialect: com.orleven.tentacle.config.SQLiteDialect
2017-05-18 00:00:20 [main] o.h.e.j.e.i.LobCreatorBuilderImpl - HHH000423: Disabling contextual LOB creation as JDBC driver reported JDBC version [2] less than 4
2017-05-18 00:00:20 [main] org.hibernate.tuple.PojoInstantiator - HHH000182: No default (no-argument) constructor for class: com.orleven.tentacle.entity.VulnerReport (class must be instantiated by Interceptor)
2017-05-18 00:00:21 [main] o.s.o.j.LocalContainerEntityManagerFactoryBean - Initialized JPA EntityManagerFactory for persistence unit 'default'
2017-05-18 00:00:21 [main] o.s.s.c.ThreadPoolTaskExecutor - Initializing ExecutorService 
2017-05-18 00:00:21 [main] o.s.s.c.ThreadPoolTaskExecutor - Initializing ExecutorService  'myAsyncTest'
2017-05-18 00:00:21 [main] o.s.s.c.ThreadPoolTaskExecutor - Initializing ExecutorService 
2017-05-18 00:00:21 [main] o.s.s.c.ThreadPoolTaskExecutor - Initializing ExecutorService  'myAsync'
2017-05-18 00:00:21 [main] o.s.w.s.m.m.a.RequestMappingHandlerAdapter - Looking for @ControllerAdvice: org.springframework.boot.context.embedded.AnnotationConfigEmbeddedWebApplicationContext@3af9c5b7: startup date [Thu May 18 00:00:17 CST 2017]; root of context hierarchy
2017-05-18 00:00:21 [main] o.s.w.s.m.m.a.RequestMappingHandlerMapping - Mapped "{[/module/pentest],methods=[GET]}" onto public java.lang.String com.orleven.tentacle.commun.Communication.index()
2017-05-18 00:00:21 [main] o.s.w.s.m.m.a.RequestMappingHandlerMapping - Mapped "{[/getPath],methods=[POST]}" onto public java.lang.String com.orleven.tentacle.commun.Communication.getPath(javax.servlet.http.HttpServletRequest)
2017-05-18 00:00:21 [main] o.s.w.s.m.m.a.RequestMappingHandlerMapping - Mapped "{[/getStatus/{id}],methods=[GET]}" onto public java.lang.String com.orleven.tentacle.commun.Communication.getStatus(int)
2017-05-18 00:00:21 [main] o.s.w.s.m.m.a.RequestMappingHandlerMapping - Mapped "{[/setTask]}" onto public java.lang.String com.orleven.tentacle.commun.Communication.setTask()
2017-05-18 00:00:21 [main] o.s.w.s.m.m.a.RequestMappingHandlerMapping - Mapped "{[/startMonitor/{taskName}],methods=[GET]}" onto public java.lang.String com.orleven.tentacle.commun.Communication.startMonitor(java.lang.String)
2017-05-18 00:00:21 [main] o.s.w.s.m.m.a.RequestMappingHandlerMapping - Mapped "{[/error]}" onto public org.springframework.http.ResponseEntity<java.util.Map<java.lang.String, java.lang.Object>> org.springframework.boot.autoconfigure.web.BasicErrorController.error(javax.servlet.http.HttpServletRequest)
2017-05-18 00:00:21 [main] o.s.w.s.m.m.a.RequestMappingHandlerMapping - Mapped "{[/error],produces=[text/html]}" onto public org.springframework.web.servlet.ModelAndView org.springframework.boot.autoconfigure.web.BasicErrorController.errorHtml(javax.servlet.http.HttpServletRequest,javax.servlet.http.HttpServletResponse)
2017-05-18 00:00:21 [main] o.s.w.s.h.SimpleUrlHandlerMapping - Mapped URL path [/webjars/**] onto handler of type [class org.springframework.web.servlet.resource.ResourceHttpRequestHandler]
2017-05-18 00:00:21 [main] o.s.w.s.h.SimpleUrlHandlerMapping - Mapped URL path [/**] onto handler of type [class org.springframework.web.servlet.resource.ResourceHttpRequestHandler]
2017-05-18 00:00:21 [main] o.s.w.s.h.SimpleUrlHandlerMapping - Mapped URL path [/**/favicon.ico] onto handler of type [class org.springframework.web.servlet.resource.ResourceHttpRequestHandler]
2017-05-18 00:00:21 [main] o.s.j.e.a.AnnotationMBeanExporter - Registering beans for JMX exposure on startup
2017-05-18 00:00:21 [main] o.s.s.a.ScheduledAnnotationBeanPostProcessor - No TaskScheduler/ScheduledExecutorService bean found for scheduled processing
2017-05-18 00:00:22 [main] o.s.b.c.e.t.TomcatEmbeddedServletContainer - Tomcat started on port(s): 61234 (http)
2017-05-18 00:00:22 [main] c.o.tentacle.TentacleApplication - Started TentacleApplication in 4.769 seconds (JVM running for 5.439)
2017-05-18 00:03:24 [RMI TCP Connection(2)-192.168.199.129] o.s.b.a.SpringApplicationAdminMXBeanRegistrar$SpringApplicationAdmin - Application shutdown requested.
2017-05-18 00:03:24 [RMI TCP Connection(2)-192.168.199.129] o.s.b.c.e.AnnotationConfigEmbeddedWebApplicationContext - Closing org.springframework.boot.context.embedded.AnnotationConfigEmbeddedWebApplicationContext@3af9c5b7: startup date [Thu May 18 00:00:17 CST 2017]; root of context hierarchy
2017-05-18 00:03:24 [RMI TCP Connection(2)-192.168.199.129] o.s.j.e.a.AnnotationMBeanExporter - Unregistering JMX-exposed beans on shutdown
2017-05-18 00:03:24 [RMI TCP Connection(2)-192.168.199.129] o.s.s.c.ThreadPoolTaskExecutor - Shutting down ExecutorService 'myAsync'
2017-05-18 00:03:24 [RMI TCP Connection(2)-192.168.199.129] o.s.s.c.ThreadPoolTaskExecutor - Shutting down ExecutorService 'myAsyncTest'
2017-05-18 00:03:24 [RMI TCP Connection(2)-192.168.199.129] o.s.o.j.LocalContainerEntityManagerFactoryBean - Closing JPA EntityManagerFactory for persistence unit 'default'
2017-05-18 16:18:58 [main] c.o.tentacle.TentacleApplication - Starting TentacleApplication on DESKTOP-4F745EF with PID 22196 (C:\Soft\MyTools\Java\Tentacle\target\classes started by dell in C:\Soft\MyTools\Java\Tentacle)
2017-05-18 16:18:58 [main] c.o.tentacle.TentacleApplication - The following profiles are active: dev
2017-05-18 16:18:58 [main] o.s.b.c.e.AnnotationConfigEmbeddedWebApplicationContext - Refreshing org.springframework.boot.context.embedded.AnnotationConfigEmbeddedWebApplicationContext@3af9c5b7: startup date [Thu May 18 16:18:58 CST 2017]; root of context hierarchy
2017-05-18 16:18:59 [main] o.s.c.s.PostProcessorRegistrationDelegate$BeanPostProcessorChecker - Bean 'org.springframework.transaction.annotation.ProxyTransactionManagementConfiguration' of type [class org.springframework.transaction.annotation.ProxyTransactionManagementConfiguration$$EnhancerBySpringCGLIB$$4406730] is not eligible for getting processed by all BeanPostProcessors (for example: not eligible for auto-proxying)
2017-05-18 16:18:59 [main] o.s.b.c.e.t.TomcatEmbeddedServletContainer - Tomcat initialized with port(s): 61234 (http)
2017-05-18 16:18:59 [main] o.a.catalina.core.StandardService - Starting service Tomcat
2017-05-18 16:18:59 [main] o.a.catalina.core.StandardEngine - Starting Servlet Engine: Apache Tomcat/8.5.6
2017-05-18 16:19:00 [localhost-startStop-1] o.a.c.c.C.[Tomcat].[localhost].[/] - Initializing Spring embedded WebApplicationContext
2017-05-18 16:19:00 [localhost-startStop-1] o.s.web.context.ContextLoader - Root WebApplicationContext: initialization completed in 1883 ms
2017-05-18 16:19:00 [localhost-startStop-1] o.s.b.w.s.ServletRegistrationBean - Mapping servlet: 'dispatcherServlet' to [/]
2017-05-18 16:19:00 [localhost-startStop-1] o.s.b.w.s.FilterRegistrationBean - Mapping filter: 'characterEncodingFilter' to: [/*]
2017-05-18 16:19:00 [localhost-startStop-1] o.s.b.w.s.FilterRegistrationBean - Mapping filter: 'hiddenHttpMethodFilter' to: [/*]
2017-05-18 16:19:00 [localhost-startStop-1] o.s.b.w.s.FilterRegistrationBean - Mapping filter: 'httpPutFormContentFilter' to: [/*]
2017-05-18 16:19:00 [localhost-startStop-1] o.s.b.w.s.FilterRegistrationBean - Mapping filter: 'requestContextFilter' to: [/*]
2017-05-18 16:19:00 [main] o.s.o.j.LocalContainerEntityManagerFactoryBean - Building JPA container EntityManagerFactory for persistence unit 'default'
2017-05-18 16:19:00 [main] o.h.jpa.internal.util.LogHelper - HHH000204: Processing PersistenceUnitInfo [
	name: default
	...]
2017-05-18 16:19:00 [main] org.hibernate.Version - HHH000412: Hibernate Core {5.0.11.Final}
2017-05-18 16:19:00 [main] org.hibernate.cfg.Environment - HHH000206: hibernate.properties not found
2017-05-18 16:19:00 [main] org.hibernate.cfg.Environment - HHH000021: Bytecode provider name : javassist
2017-05-18 16:19:00 [main] o.h.annotations.common.Version - HCANN000001: Hibernate Commons Annotations {5.0.1.Final}
2017-05-18 16:19:00 [main] org.hibernate.dialect.Dialect - HHH000400: Using dialect: com.orleven.tentacle.config.SQLiteDialect
2017-05-18 16:19:00 [main] o.h.e.j.e.i.LobCreatorBuilderImpl - HHH000423: Disabling contextual LOB creation as JDBC driver reported JDBC version [2] less than 4
2017-05-18 16:19:01 [main] org.hibernate.tuple.PojoInstantiator - HHH000182: No default (no-argument) constructor for class: com.orleven.tentacle.entity.VulnerReport (class must be instantiated by Interceptor)
2017-05-18 16:19:01 [main] o.s.o.j.LocalContainerEntityManagerFactoryBean - Initialized JPA EntityManagerFactory for persistence unit 'default'
2017-05-18 16:19:01 [main] o.s.s.c.ThreadPoolTaskExecutor - Initializing ExecutorService 
2017-05-18 16:19:01 [main] o.s.s.c.ThreadPoolTaskExecutor - Initializing ExecutorService  'myAsyncTest'
2017-05-18 16:19:01 [main] o.s.s.c.ThreadPoolTaskExecutor - Initializing ExecutorService 
2017-05-18 16:19:01 [main] o.s.s.c.ThreadPoolTaskExecutor - Initializing ExecutorService  'myAsync'
2017-05-18 16:19:01 [main] o.s.w.s.m.m.a.RequestMappingHandlerAdapter - Looking for @ControllerAdvice: org.springframework.boot.context.embedded.AnnotationConfigEmbeddedWebApplicationContext@3af9c5b7: startup date [Thu May 18 16:18:58 CST 2017]; root of context hierarchy
2017-05-18 16:19:01 [main] o.s.w.s.m.m.a.RequestMappingHandlerMapping - Mapped "{[/module/pentest],methods=[GET]}" onto public java.lang.String com.orleven.tentacle.commun.Communication.index()
2017-05-18 16:19:01 [main] o.s.w.s.m.m.a.RequestMappingHandlerMapping - Mapped "{[/getPath],methods=[POST]}" onto public java.lang.String com.orleven.tentacle.commun.Communication.getPath(javax.servlet.http.HttpServletRequest)
2017-05-18 16:19:01 [main] o.s.w.s.m.m.a.RequestMappingHandlerMapping - Mapped "{[/setTask]}" onto public java.lang.String com.orleven.tentacle.commun.Communication.setTask()
2017-05-18 16:19:01 [main] o.s.w.s.m.m.a.RequestMappingHandlerMapping - Mapped "{[/startMonitor/{taskName}],methods=[GET]}" onto public java.lang.String com.orleven.tentacle.commun.Communication.startMonitor(java.lang.String)
2017-05-18 16:19:01 [main] o.s.w.s.m.m.a.RequestMappingHandlerMapping - Mapped "{[/getStatus/{id}],methods=[GET]}" onto public java.lang.String com.orleven.tentacle.commun.Communication.getStatus(int)
2017-05-18 16:19:01 [main] o.s.w.s.m.m.a.RequestMappingHandlerMapping - Mapped "{[/error]}" onto public org.springframework.http.ResponseEntity<java.util.Map<java.lang.String, java.lang.Object>> org.springframework.boot.autoconfigure.web.BasicErrorController.error(javax.servlet.http.HttpServletRequest)
2017-05-18 16:19:01 [main] o.s.w.s.m.m.a.RequestMappingHandlerMapping - Mapped "{[/error],produces=[text/html]}" onto public org.springframework.web.servlet.ModelAndView org.springframework.boot.autoconfigure.web.BasicErrorController.errorHtml(javax.servlet.http.HttpServletRequest,javax.servlet.http.HttpServletResponse)
2017-05-18 16:19:01 [main] o.s.w.s.h.SimpleUrlHandlerMapping - Mapped URL path [/webjars/**] onto handler of type [class org.springframework.web.servlet.resource.ResourceHttpRequestHandler]
2017-05-18 16:19:01 [main] o.s.w.s.h.SimpleUrlHandlerMapping - Mapped URL path [/**] onto handler of type [class org.springframework.web.servlet.resource.ResourceHttpRequestHandler]
2017-05-18 16:19:01 [main] o.s.w.s.h.SimpleUrlHandlerMapping - Mapped URL path [/**/favicon.ico] onto handler of type [class org.springframework.web.servlet.resource.ResourceHttpRequestHandler]
2017-05-18 16:19:02 [main] o.s.j.e.a.AnnotationMBeanExporter - Registering beans for JMX exposure on startup
2017-05-18 16:19:02 [main] o.s.s.a.ScheduledAnnotationBeanPostProcessor - No TaskScheduler/ScheduledExecutorService bean found for scheduled processing
2017-05-18 16:19:02 [main] o.s.b.c.e.t.TomcatEmbeddedServletContainer - Tomcat started on port(s): 61234 (http)
2017-05-18 16:19:02 [main] c.o.tentacle.TentacleApplication - Started TentacleApplication in 4.674 seconds (JVM running for 5.423)
2017-05-18 16:20:18 [RMI TCP Connection(2)-100.64.22.235] o.s.b.a.SpringApplicationAdminMXBeanRegistrar$SpringApplicationAdmin - Application shutdown requested.
2017-05-18 16:20:18 [RMI TCP Connection(2)-100.64.22.235] o.s.b.c.e.AnnotationConfigEmbeddedWebApplicationContext - Closing org.springframework.boot.context.embedded.AnnotationConfigEmbeddedWebApplicationContext@3af9c5b7: startup date [Thu May 18 16:18:58 CST 2017]; root of context hierarchy
2017-05-18 16:20:18 [RMI TCP Connection(2)-100.64.22.235] o.s.j.e.a.AnnotationMBeanExporter - Unregistering JMX-exposed beans on shutdown
2017-05-18 16:20:18 [RMI TCP Connection(2)-100.64.22.235] o.s.s.c.ThreadPoolTaskExecutor - Shutting down ExecutorService 'myAsync'
2017-05-18 16:20:18 [RMI TCP Connection(2)-100.64.22.235] o.s.s.c.ThreadPoolTaskExecutor - Shutting down ExecutorService 'myAsyncTest'
2017-05-18 16:20:18 [RMI TCP Connection(2)-100.64.22.235] o.s.o.j.LocalContainerEntityManagerFactoryBean - Closing JPA EntityManagerFactory for persistence unit 'default'
2017-05-18 16:20:33 [main] c.o.tentacle.TentacleApplication - Starting TentacleApplication on DESKTOP-4F745EF with PID 24972 (C:\Soft\MyTools\Java\Tentacle\target\classes started by dell in C:\Soft\MyTools\Java\Tentacle)
2017-05-18 16:20:33 [main] c.o.tentacle.TentacleApplication - The following profiles are active: dev
2017-05-18 16:20:33 [main] o.s.b.c.e.AnnotationConfigEmbeddedWebApplicationContext - Refreshing org.springframework.boot.context.embedded.AnnotationConfigEmbeddedWebApplicationContext@3af9c5b7: startup date [Thu May 18 16:20:33 CST 2017]; root of context hierarchy
2017-05-18 16:20:35 [main] o.s.c.s.PostProcessorRegistrationDelegate$BeanPostProcessorChecker - Bean 'org.springframework.transaction.annotation.ProxyTransactionManagementConfiguration' of type [class org.springframework.transaction.annotation.ProxyTransactionManagementConfiguration$$EnhancerBySpringCGLIB$$4406730] is not eligible for getting processed by all BeanPostProcessors (for example: not eligible for auto-proxying)
2017-05-18 16:20:35 [main] o.s.b.c.e.t.TomcatEmbeddedServletContainer - Tomcat initialized with port(s): 61234 (http)
2017-05-18 16:20:35 [main] o.a.catalina.core.StandardService - Starting service Tomcat
2017-05-18 16:20:35 [main] o.a.catalina.core.StandardEngine - Starting Servlet Engine: Apache Tomcat/8.5.6
2017-05-18 16:20:35 [localhost-startStop-1] o.a.c.c.C.[Tomcat].[localhost].[/] - Initializing Spring embedded WebApplicationContext
2017-05-18 16:20:35 [localhost-startStop-1] o.s.web.context.ContextLoader - Root WebApplicationContext: initialization completed in 2023 ms
2017-05-18 16:20:35 [localhost-startStop-1] o.s.b.w.s.ServletRegistrationBean - Mapping servlet: 'dispatcherServlet' to [/]
2017-05-18 16:20:35 [localhost-startStop-1] o.s.b.w.s.FilterRegistrationBean - Mapping filter: 'characterEncodingFilter' to: [/*]
2017-05-18 16:20:35 [localhost-startStop-1] o.s.b.w.s.FilterRegistrationBean - Mapping filter: 'hiddenHttpMethodFilter' to: [/*]
2017-05-18 16:20:35 [localhost-startStop-1] o.s.b.w.s.FilterRegistrationBean - Mapping filter: 'httpPutFormContentFilter' to: [/*]
2017-05-18 16:20:35 [localhost-startStop-1] o.s.b.w.s.FilterRegistrationBean - Mapping filter: 'requestContextFilter' to: [/*]
2017-05-18 16:20:36 [main] o.s.o.j.LocalContainerEntityManagerFactoryBean - Building JPA container EntityManagerFactory for persistence unit 'default'
2017-05-18 16:20:36 [main] o.h.jpa.internal.util.LogHelper - HHH000204: Processing PersistenceUnitInfo [
	name: default
	...]
2017-05-18 16:20:36 [main] org.hibernate.Version - HHH000412: Hibernate Core {5.0.11.Final}
2017-05-18 16:20:36 [main] org.hibernate.cfg.Environment - HHH000206: hibernate.properties not found
2017-05-18 16:20:36 [main] org.hibernate.cfg.Environment - HHH000021: Bytecode provider name : javassist
2017-05-18 16:20:36 [main] o.h.annotations.common.Version - HCANN000001: Hibernate Commons Annotations {5.0.1.Final}
2017-05-18 16:20:36 [main] org.hibernate.dialect.Dialect - HHH000400: Using dialect: com.orleven.tentacle.config.SQLiteDialect
2017-05-18 16:20:36 [main] o.h.e.j.e.i.LobCreatorBuilderImpl - HHH000423: Disabling contextual LOB creation as JDBC driver reported JDBC version [2] less than 4
2017-05-18 16:20:36 [main] org.hibernate.tuple.PojoInstantiator - HHH000182: No default (no-argument) constructor for class: com.orleven.tentacle.entity.VulnerReport (class must be instantiated by Interceptor)
2017-05-18 16:20:36 [main] o.s.o.j.LocalContainerEntityManagerFactoryBean - Initialized JPA EntityManagerFactory for persistence unit 'default'
2017-05-18 16:20:37 [main] o.s.s.c.ThreadPoolTaskExecutor - Initializing ExecutorService 
2017-05-18 16:20:37 [main] o.s.s.c.ThreadPoolTaskExecutor - Initializing ExecutorService  'myAsyncTest'
2017-05-18 16:20:37 [main] o.s.s.c.ThreadPoolTaskExecutor - Initializing ExecutorService 
2017-05-18 16:20:37 [main] o.s.s.c.ThreadPoolTaskExecutor - Initializing ExecutorService  'myAsync'
2017-05-18 16:20:37 [main] o.s.w.s.m.m.a.RequestMappingHandlerAdapter - Looking for @ControllerAdvice: org.springframework.boot.context.embedded.AnnotationConfigEmbeddedWebApplicationContext@3af9c5b7: startup date [Thu May 18 16:20:33 CST 2017]; root of context hierarchy
2017-05-18 16:20:37 [main] o.s.w.s.m.m.a.RequestMappingHandlerMapping - Mapped "{[/module/pentest],methods=[GET]}" onto public java.lang.String com.orleven.tentacle.commun.Communication.index()
2017-05-18 16:20:37 [main] o.s.w.s.m.m.a.RequestMappingHandlerMapping - Mapped "{[/getPath],methods=[POST]}" onto public java.lang.String com.orleven.tentacle.commun.Communication.getPath(javax.servlet.http.HttpServletRequest)
2017-05-18 16:20:37 [main] o.s.w.s.m.m.a.RequestMappingHandlerMapping - Mapped "{[/startMonitor/{taskName}],methods=[GET]}" onto public java.lang.String com.orleven.tentacle.commun.Communication.startMonitor(java.lang.String)
2017-05-18 16:20:37 [main] o.s.w.s.m.m.a.RequestMappingHandlerMapping - Mapped "{[/setTask]}" onto public java.lang.String com.orleven.tentacle.commun.Communication.setTask()
2017-05-18 16:20:37 [main] o.s.w.s.m.m.a.RequestMappingHandlerMapping - Mapped "{[/getStatus/{id}],methods=[GET]}" onto public java.lang.String com.orleven.tentacle.commun.Communication.getStatus(int)
2017-05-18 16:20:37 [main] o.s.w.s.m.m.a.RequestMappingHandlerMapping - Mapped "{[/error]}" onto public org.springframework.http.ResponseEntity<java.util.Map<java.lang.String, java.lang.Object>> org.springframework.boot.autoconfigure.web.BasicErrorController.error(javax.servlet.http.HttpServletRequest)
2017-05-18 16:20:37 [main] o.s.w.s.m.m.a.RequestMappingHandlerMapping - Mapped "{[/error],produces=[text/html]}" onto public org.springframework.web.servlet.ModelAndView org.springframework.boot.autoconfigure.web.BasicErrorController.errorHtml(javax.servlet.http.HttpServletRequest,javax.servlet.http.HttpServletResponse)
2017-05-18 16:20:37 [main] o.s.w.s.h.SimpleUrlHandlerMapping - Mapped URL path [/webjars/**] onto handler of type [class org.springframework.web.servlet.resource.ResourceHttpRequestHandler]
2017-05-18 16:20:37 [main] o.s.w.s.h.SimpleUrlHandlerMapping - Mapped URL path [/**] onto handler of type [class org.springframework.web.servlet.resource.ResourceHttpRequestHandler]
2017-05-18 16:20:37 [main] o.s.w.s.h.SimpleUrlHandlerMapping - Mapped URL path [/**/favicon.ico] onto handler of type [class org.springframework.web.servlet.resource.ResourceHttpRequestHandler]
2017-05-18 16:20:37 [main] o.s.j.e.a.AnnotationMBeanExporter - Registering beans for JMX exposure on startup
2017-05-18 16:20:37 [main] o.s.s.a.ScheduledAnnotationBeanPostProcessor - No TaskScheduler/ScheduledExecutorService bean found for scheduled processing
2017-05-18 16:20:37 [main] o.s.b.c.e.t.TomcatEmbeddedServletContainer - Tomcat started on port(s): 61234 (http)
2017-05-18 16:20:37 [main] c.o.tentacle.TentacleApplication - Started TentacleApplication in 4.753 seconds (JVM running for 5.501)
2017-05-18 16:20:51 [RMI TCP Connection(2)-100.64.22.235] o.s.b.a.SpringApplicationAdminMXBeanRegistrar$SpringApplicationAdmin - Application shutdown requested.
2017-05-18 16:20:51 [RMI TCP Connection(2)-100.64.22.235] o.s.b.c.e.AnnotationConfigEmbeddedWebApplicationContext - Closing org.springframework.boot.context.embedded.AnnotationConfigEmbeddedWebApplicationContext@3af9c5b7: startup date [Thu May 18 16:20:33 CST 2017]; root of context hierarchy
2017-05-18 16:20:51 [RMI TCP Connection(2)-100.64.22.235] o.s.j.e.a.AnnotationMBeanExporter - Unregistering JMX-exposed beans on shutdown
2017-05-18 16:20:51 [RMI TCP Connection(2)-100.64.22.235] o.s.s.c.ThreadPoolTaskExecutor - Shutting down ExecutorService 'myAsync'
2017-05-18 16:20:51 [RMI TCP Connection(2)-100.64.22.235] o.s.s.c.ThreadPoolTaskExecutor - Shutting down ExecutorService 'myAsyncTest'
2017-05-18 16:20:51 [RMI TCP Connection(2)-100.64.22.235] o.s.o.j.LocalContainerEntityManagerFactoryBean - Closing JPA EntityManagerFactory for persistence unit 'default'
2017-05-18 16:20:54 [main] c.o.tentacle.TentacleApplication - Starting TentacleApplication on DESKTOP-4F745EF with PID 2404 (C:\Soft\MyTools\Java\Tentacle\target\classes started by dell in C:\Soft\MyTools\Java\Tentacle)
2017-05-18 16:20:54 [main] c.o.tentacle.TentacleApplication - The following profiles are active: dev
2017-05-18 16:20:54 [main] o.s.b.c.e.AnnotationConfigEmbeddedWebApplicationContext - Refreshing org.springframework.boot.context.embedded.AnnotationConfigEmbeddedWebApplicationContext@3af9c5b7: startup date [Thu May 18 16:20:54 CST 2017]; root of context hierarchy
2017-05-18 16:20:55 [main] o.s.c.s.PostProcessorRegistrationDelegate$BeanPostProcessorChecker - Bean 'org.springframework.transaction.annotation.ProxyTransactionManagementConfiguration' of type [class org.springframework.transaction.annotation.ProxyTransactionManagementConfiguration$$EnhancerBySpringCGLIB$$4406730] is not eligible for getting processed by all BeanPostProcessors (for example: not eligible for auto-proxying)
2017-05-18 16:20:56 [main] o.s.b.c.e.t.TomcatEmbeddedServletContainer - Tomcat initialized with port(s): 61234 (http)
2017-05-18 16:20:56 [main] o.a.catalina.core.StandardService - Starting service Tomcat
2017-05-18 16:20:56 [main] o.a.catalina.core.StandardEngine - Starting Servlet Engine: Apache Tomcat/8.5.6
2017-05-18 16:20:56 [localhost-startStop-1] o.a.c.c.C.[Tomcat].[localhost].[/] - Initializing Spring embedded WebApplicationContext
2017-05-18 16:20:56 [localhost-startStop-1] o.s.web.context.ContextLoader - Root WebApplicationContext: initialization completed in 1846 ms
2017-05-18 16:20:56 [localhost-startStop-1] o.s.b.w.s.ServletRegistrationBean - Mapping servlet: 'dispatcherServlet' to [/]
2017-05-18 16:20:56 [localhost-startStop-1] o.s.b.w.s.FilterRegistrationBean - Mapping filter: 'characterEncodingFilter' to: [/*]
2017-05-18 16:20:56 [localhost-startStop-1] o.s.b.w.s.FilterRegistrationBean - Mapping filter: 'hiddenHttpMethodFilter' to: [/*]
2017-05-18 16:20:56 [localhost-startStop-1] o.s.b.w.s.FilterRegistrationBean - Mapping filter: 'httpPutFormContentFilter' to: [/*]
2017-05-18 16:20:56 [localhost-startStop-1] o.s.b.w.s.FilterRegistrationBean - Mapping filter: 'requestContextFilter' to: [/*]
2017-05-18 16:20:56 [main] o.s.o.j.LocalContainerEntityManagerFactoryBean - Building JPA container EntityManagerFactory for persistence unit 'default'
2017-05-18 16:20:56 [main] o.h.jpa.internal.util.LogHelper - HHH000204: Processing PersistenceUnitInfo [
	name: default
	...]
2017-05-18 16:20:56 [main] org.hibernate.Version - HHH000412: Hibernate Core {5.0.11.Final}
2017-05-18 16:20:56 [main] org.hibernate.cfg.Environment - HHH000206: hibernate.properties not found
2017-05-18 16:20:56 [main] org.hibernate.cfg.Environment - HHH000021: Bytecode provider name : javassist
2017-05-18 16:20:56 [main] o.h.annotations.common.Version - HCANN000001: Hibernate Commons Annotations {5.0.1.Final}
2017-05-18 16:20:56 [main] org.hibernate.dialect.Dialect - HHH000400: Using dialect: com.orleven.tentacle.config.SQLiteDialect
2017-05-18 16:20:57 [main] o.h.e.j.e.i.LobCreatorBuilderImpl - HHH000423: Disabling contextual LOB creation as JDBC driver reported JDBC version [2] less than 4
2017-05-18 16:20:57 [main] org.hibernate.tuple.PojoInstantiator - HHH000182: No default (no-argument) constructor for class: com.orleven.tentacle.entity.VulnerReport (class must be instantiated by Interceptor)
2017-05-18 16:20:57 [main] o.s.o.j.LocalContainerEntityManagerFactoryBean - Initialized JPA EntityManagerFactory for persistence unit 'default'
2017-05-18 16:20:57 [main] o.s.s.c.ThreadPoolTaskExecutor - Initializing ExecutorService 
2017-05-18 16:20:57 [main] o.s.s.c.ThreadPoolTaskExecutor - Initializing ExecutorService  'myAsyncTest'
2017-05-18 16:20:57 [main] o.s.s.c.ThreadPoolTaskExecutor - Initializing ExecutorService 
2017-05-18 16:20:57 [main] o.s.s.c.ThreadPoolTaskExecutor - Initializing ExecutorService  'myAsync'
2017-05-18 16:20:57 [main] o.s.w.s.m.m.a.RequestMappingHandlerAdapter - Looking for @ControllerAdvice: org.springframework.boot.context.embedded.AnnotationConfigEmbeddedWebApplicationContext@3af9c5b7: startup date [Thu May 18 16:20:54 CST 2017]; root of context hierarchy
2017-05-18 16:20:57 [main] o.s.w.s.m.m.a.RequestMappingHandlerMapping - Mapped "{[/module/pentest],methods=[GET]}" onto public java.lang.String com.orleven.tentacle.commun.Communication.index()
2017-05-18 16:20:57 [main] o.s.w.s.m.m.a.RequestMappingHandlerMapping - Mapped "{[/getPath],methods=[POST]}" onto public java.lang.String com.orleven.tentacle.commun.Communication.getPath(javax.servlet.http.HttpServletRequest)
2017-05-18 16:20:57 [main] o.s.w.s.m.m.a.RequestMappingHandlerMapping - Mapped "{[/getStatus/{id}],methods=[GET]}" onto public java.lang.String com.orleven.tentacle.commun.Communication.getStatus(int)
2017-05-18 16:20:57 [main] o.s.w.s.m.m.a.RequestMappingHandlerMapping - Mapped "{[/startMonitor/{taskName}],methods=[GET]}" onto public java.lang.String com.orleven.tentacle.commun.Communication.startMonitor(java.lang.String)
2017-05-18 16:20:57 [main] o.s.w.s.m.m.a.RequestMappingHandlerMapping - Mapped "{[/setTask]}" onto public java.lang.String com.orleven.tentacle.commun.Communication.setTask()
2017-05-18 16:20:57 [main] o.s.w.s.m.m.a.RequestMappingHandlerMapping - Mapped "{[/error]}" onto public org.springframework.http.ResponseEntity<java.util.Map<java.lang.String, java.lang.Object>> org.springframework.boot.autoconfigure.web.BasicErrorController.error(javax.servlet.http.HttpServletRequest)
2017-05-18 16:20:57 [main] o.s.w.s.m.m.a.RequestMappingHandlerMapping - Mapped "{[/error],produces=[text/html]}" onto public org.springframework.web.servlet.ModelAndView org.springframework.boot.autoconfigure.web.BasicErrorController.errorHtml(javax.servlet.http.HttpServletRequest,javax.servlet.http.HttpServletResponse)
2017-05-18 16:20:57 [main] o.s.w.s.h.SimpleUrlHandlerMapping - Mapped URL path [/webjars/**] onto handler of type [class org.springframework.web.servlet.resource.ResourceHttpRequestHandler]
2017-05-18 16:20:57 [main] o.s.w.s.h.SimpleUrlHandlerMapping - Mapped URL path [/**] onto handler of type [class org.springframework.web.servlet.resource.ResourceHttpRequestHandler]
2017-05-18 16:20:57 [main] o.s.w.s.h.SimpleUrlHandlerMapping - Mapped URL path [/**/favicon.ico] onto handler of type [class org.springframework.web.servlet.resource.ResourceHttpRequestHandler]
2017-05-18 16:20:58 [main] o.s.j.e.a.AnnotationMBeanExporter - Registering beans for JMX exposure on startup
2017-05-18 16:20:58 [main] o.s.s.a.ScheduledAnnotationBeanPostProcessor - No TaskScheduler/ScheduledExecutorService bean found for scheduled processing
2017-05-18 16:20:58 [main] o.s.b.c.e.t.TomcatEmbeddedServletContainer - Tomcat started on port(s): 61234 (http)
2017-05-18 16:20:58 [main] c.o.tentacle.TentacleApplication - Started TentacleApplication in 4.313 seconds (JVM running for 4.977)
2017-05-18 16:24:28 [RMI TCP Connection(2)-100.64.22.235] o.s.b.a.SpringApplicationAdminMXBeanRegistrar$SpringApplicationAdmin - Application shutdown requested.
2017-05-18 16:24:28 [RMI TCP Connection(2)-100.64.22.235] o.s.b.c.e.AnnotationConfigEmbeddedWebApplicationContext - Closing org.springframework.boot.context.embedded.AnnotationConfigEmbeddedWebApplicationContext@3af9c5b7: startup date [Thu May 18 16:20:54 CST 2017]; root of context hierarchy
2017-05-18 16:24:28 [RMI TCP Connection(2)-100.64.22.235] o.s.j.e.a.AnnotationMBeanExporter - Unregistering JMX-exposed beans on shutdown
2017-05-18 16:24:28 [RMI TCP Connection(2)-100.64.22.235] o.s.s.c.ThreadPoolTaskExecutor - Shutting down ExecutorService 'myAsync'
2017-05-18 16:24:28 [RMI TCP Connection(2)-100.64.22.235] o.s.s.c.ThreadPoolTaskExecutor - Shutting down ExecutorService 'myAsyncTest'
2017-05-18 16:24:28 [RMI TCP Connection(2)-100.64.22.235] o.s.o.j.LocalContainerEntityManagerFactoryBean - Closing JPA EntityManagerFactory for persistence unit 'default'
2017-05-18 16:24:40 [main] c.o.tentacle.TentacleApplication - Starting TentacleApplication on DESKTOP-4F745EF with PID 23848 (C:\Soft\MyTools\Java\Tentacle\target\classes started by dell in C:\Soft\MyTools\Java\Tentacle)
2017-05-18 16:24:40 [main] c.o.tentacle.TentacleApplication - The following profiles are active: dev
2017-05-18 16:24:40 [main] o.s.b.c.e.AnnotationConfigEmbeddedWebApplicationContext - Refreshing org.springframework.boot.context.embedded.AnnotationConfigEmbeddedWebApplicationContext@3af9c5b7: startup date [Thu May 18 16:24:40 CST 2017]; root of context hierarchy
2017-05-18 16:24:41 [main] o.s.c.s.PostProcessorRegistrationDelegate$BeanPostProcessorChecker - Bean 'org.springframework.transaction.annotation.ProxyTransactionManagementConfiguration' of type [class org.springframework.transaction.annotation.ProxyTransactionManagementConfiguration$$EnhancerBySpringCGLIB$$4406730] is not eligible for getting processed by all BeanPostProcessors (for example: not eligible for auto-proxying)
2017-05-18 16:24:42 [main] o.s.b.c.e.t.TomcatEmbeddedServletContainer - Tomcat initialized with port(s): 61234 (http)
2017-05-18 16:24:42 [main] o.a.catalina.core.StandardService - Starting service Tomcat
2017-05-18 16:24:42 [main] o.a.catalina.core.StandardEngine - Starting Servlet Engine: Apache Tomcat/8.5.6
2017-05-18 16:24:42 [localhost-startStop-1] o.a.c.c.C.[Tomcat].[localhost].[/] - Initializing Spring embedded WebApplicationContext
2017-05-18 16:24:42 [localhost-startStop-1] o.s.web.context.ContextLoader - Root WebApplicationContext: initialization completed in 1845 ms
2017-05-18 16:24:42 [localhost-startStop-1] o.s.b.w.s.ServletRegistrationBean - Mapping servlet: 'dispatcherServlet' to [/]
2017-05-18 16:24:42 [localhost-startStop-1] o.s.b.w.s.FilterRegistrationBean - Mapping filter: 'characterEncodingFilter' to: [/*]
2017-05-18 16:24:42 [localhost-startStop-1] o.s.b.w.s.FilterRegistrationBean - Mapping filter: 'hiddenHttpMethodFilter' to: [/*]
2017-05-18 16:24:42 [localhost-startStop-1] o.s.b.w.s.FilterRegistrationBean - Mapping filter: 'httpPutFormContentFilter' to: [/*]
2017-05-18 16:24:42 [localhost-startStop-1] o.s.b.w.s.FilterRegistrationBean - Mapping filter: 'requestContextFilter' to: [/*]
2017-05-18 16:24:42 [main] o.s.o.j.LocalContainerEntityManagerFactoryBean - Building JPA container EntityManagerFactory for persistence unit 'default'
2017-05-18 16:24:42 [main] o.h.jpa.internal.util.LogHelper - HHH000204: Processing PersistenceUnitInfo [
	name: default
	...]
2017-05-18 16:24:42 [main] org.hibernate.Version - HHH000412: Hibernate Core {5.0.11.Final}
2017-05-18 16:24:42 [main] org.hibernate.cfg.Environment - HHH000206: hibernate.properties not found
2017-05-18 16:24:42 [main] org.hibernate.cfg.Environment - HHH000021: Bytecode provider name : javassist
2017-05-18 16:24:42 [main] o.h.annotations.common.Version - HCANN000001: Hibernate Commons Annotations {5.0.1.Final}
2017-05-18 16:24:42 [main] org.hibernate.dialect.Dialect - HHH000400: Using dialect: com.orleven.tentacle.config.SQLiteDialect
2017-05-18 16:24:42 [main] o.h.e.j.e.i.LobCreatorBuilderImpl - HHH000423: Disabling contextual LOB creation as JDBC driver reported JDBC version [2] less than 4
2017-05-18 16:24:43 [main] org.hibernate.tuple.PojoInstantiator - HHH000182: No default (no-argument) constructor for class: com.orleven.tentacle.entity.VulnerReport (class must be instantiated by Interceptor)
2017-05-18 16:24:43 [main] o.s.o.j.LocalContainerEntityManagerFactoryBean - Initialized JPA EntityManagerFactory for persistence unit 'default'
2017-05-18 16:24:43 [main] o.s.s.c.ThreadPoolTaskExecutor - Initializing ExecutorService 
2017-05-18 16:24:43 [main] o.s.s.c.ThreadPoolTaskExecutor - Initializing ExecutorService  'myAsyncTest'
2017-05-18 16:24:43 [main] o.s.s.c.ThreadPoolTaskExecutor - Initializing ExecutorService 
2017-05-18 16:24:43 [main] o.s.s.c.ThreadPoolTaskExecutor - Initializing ExecutorService  'myAsync'
2017-05-18 16:24:43 [main] o.s.w.s.m.m.a.RequestMappingHandlerAdapter - Looking for @ControllerAdvice: org.springframework.boot.context.embedded.AnnotationConfigEmbeddedWebApplicationContext@3af9c5b7: startup date [Thu May 18 16:24:40 CST 2017]; root of context hierarchy
2017-05-18 16:24:43 [main] o.s.w.s.m.m.a.RequestMappingHandlerMapping - Mapped "{[/module/pentest],methods=[GET]}" onto public java.lang.String com.orleven.tentacle.commun.Communication.index()
2017-05-18 16:24:43 [main] o.s.w.s.m.m.a.RequestMappingHandlerMapping - Mapped "{[/getPath],methods=[POST]}" onto public java.lang.String com.orleven.tentacle.commun.Communication.getPath(javax.servlet.http.HttpServletRequest)
2017-05-18 16:24:43 [main] o.s.w.s.m.m.a.RequestMappingHandlerMapping - Mapped "{[/getStatus/{id}],methods=[GET]}" onto public java.lang.String com.orleven.tentacle.commun.Communication.getStatus(int)
2017-05-18 16:24:43 [main] o.s.w.s.m.m.a.RequestMappingHandlerMapping - Mapped "{[/startMonitor/{taskName}],methods=[GET]}" onto public java.lang.String com.orleven.tentacle.commun.Communication.startMonitor(java.lang.String)
2017-05-18 16:24:43 [main] o.s.w.s.m.m.a.RequestMappingHandlerMapping - Mapped "{[/setTask]}" onto public java.lang.String com.orleven.tentacle.commun.Communication.setTask()
2017-05-18 16:24:43 [main] o.s.w.s.m.m.a.RequestMappingHandlerMapping - Mapped "{[/error]}" onto public org.springframework.http.ResponseEntity<java.util.Map<java.lang.String, java.lang.Object>> org.springframework.boot.autoconfigure.web.BasicErrorController.error(javax.servlet.http.HttpServletRequest)
2017-05-18 16:24:43 [main] o.s.w.s.m.m.a.RequestMappingHandlerMapping - Mapped "{[/error],produces=[text/html]}" onto public org.springframework.web.servlet.ModelAndView org.springframework.boot.autoconfigure.web.BasicErrorController.errorHtml(javax.servlet.http.HttpServletRequest,javax.servlet.http.HttpServletResponse)
2017-05-18 16:24:43 [main] o.s.w.s.h.SimpleUrlHandlerMapping - Mapped URL path [/webjars/**] onto handler of type [class org.springframework.web.servlet.resource.ResourceHttpRequestHandler]
2017-05-18 16:24:43 [main] o.s.w.s.h.SimpleUrlHandlerMapping - Mapped URL path [/**] onto handler of type [class org.springframework.web.servlet.resource.ResourceHttpRequestHandler]
2017-05-18 16:24:43 [main] o.s.w.s.h.SimpleUrlHandlerMapping - Mapped URL path [/**/favicon.ico] onto handler of type [class org.springframework.web.servlet.resource.ResourceHttpRequestHandler]
2017-05-18 16:24:44 [main] o.s.j.e.a.AnnotationMBeanExporter - Registering beans for JMX exposure on startup
2017-05-18 16:24:44 [main] o.s.s.a.ScheduledAnnotationBeanPostProcessor - No TaskScheduler/ScheduledExecutorService bean found for scheduled processing
2017-05-18 16:24:44 [main] o.s.b.c.e.t.TomcatEmbeddedServletContainer - Tomcat started on port(s): 61234 (http)
2017-05-18 16:24:44 [main] c.o.tentacle.TentacleApplication - Started TentacleApplication in 4.412 seconds (JVM running for 5.044)
2017-05-18 16:24:55 [RMI TCP Connection(2)-100.64.22.235] o.s.b.a.SpringApplicationAdminMXBeanRegistrar$SpringApplicationAdmin - Application shutdown requested.
2017-05-18 16:24:55 [RMI TCP Connection(2)-100.64.22.235] o.s.b.c.e.AnnotationConfigEmbeddedWebApplicationContext - Closing org.springframework.boot.context.embedded.AnnotationConfigEmbeddedWebApplicationContext@3af9c5b7: startup date [Thu May 18 16:24:40 CST 2017]; root of context hierarchy
2017-05-18 16:24:55 [RMI TCP Connection(2)-100.64.22.235] o.s.j.e.a.AnnotationMBeanExporter - Unregistering JMX-exposed beans on shutdown
2017-05-18 16:24:55 [RMI TCP Connection(2)-100.64.22.235] o.s.s.c.ThreadPoolTaskExecutor - Shutting down ExecutorService 'myAsync'
2017-05-18 16:24:55 [RMI TCP Connection(2)-100.64.22.235] o.s.s.c.ThreadPoolTaskExecutor - Shutting down ExecutorService 'myAsyncTest'
2017-05-18 16:24:55 [RMI TCP Connection(2)-100.64.22.235] o.s.o.j.LocalContainerEntityManagerFactoryBean - Closing JPA EntityManagerFactory for persistence unit 'default'
2017-05-18 16:27:42 [main] c.o.tentacle.TentacleApplication - Starting TentacleApplication on DESKTOP-4F745EF with PID 5348 (C:\Soft\MyTools\Java\Tentacle\target\classes started by dell in C:\Soft\MyTools\Java\Tentacle)
2017-05-18 16:27:42 [main] c.o.tentacle.TentacleApplication - The following profiles are active: dev
2017-05-18 16:27:42 [main] o.s.b.c.e.AnnotationConfigEmbeddedWebApplicationContext - Refreshing org.springframework.boot.context.embedded.AnnotationConfigEmbeddedWebApplicationContext@ed7f8b4: startup date [Thu May 18 16:27:42 CST 2017]; root of context hierarchy
2017-05-18 16:27:44 [main] o.s.c.s.PostProcessorRegistrationDelegate$BeanPostProcessorChecker - Bean 'org.springframework.transaction.annotation.ProxyTransactionManagementConfiguration' of type [class org.springframework.transaction.annotation.ProxyTransactionManagementConfiguration$$EnhancerBySpringCGLIB$$c21db9fe] is not eligible for getting processed by all BeanPostProcessors (for example: not eligible for auto-proxying)
2017-05-18 16:27:44 [main] o.s.b.c.e.t.TomcatEmbeddedServletContainer - Tomcat initialized with port(s): 61234 (http)
2017-05-18 16:27:44 [main] o.a.catalina.core.StandardService - Starting service Tomcat
2017-05-18 16:27:44 [main] o.a.catalina.core.StandardEngine - Starting Servlet Engine: Apache Tomcat/8.5.6
2017-05-18 16:27:44 [localhost-startStop-1] o.a.c.c.C.[Tomcat].[localhost].[/] - Initializing Spring embedded WebApplicationContext
2017-05-18 16:27:44 [localhost-startStop-1] o.s.web.context.ContextLoader - Root WebApplicationContext: initialization completed in 1869 ms
2017-05-18 16:27:44 [localhost-startStop-1] o.s.b.w.s.ServletRegistrationBean - Mapping servlet: 'dispatcherServlet' to [/]
2017-05-18 16:27:44 [localhost-startStop-1] o.s.b.w.s.FilterRegistrationBean - Mapping filter: 'characterEncodingFilter' to: [/*]
2017-05-18 16:27:44 [localhost-startStop-1] o.s.b.w.s.FilterRegistrationBean - Mapping filter: 'hiddenHttpMethodFilter' to: [/*]
2017-05-18 16:27:44 [localhost-startStop-1] o.s.b.w.s.FilterRegistrationBean - Mapping filter: 'httpPutFormContentFilter' to: [/*]
2017-05-18 16:27:44 [localhost-startStop-1] o.s.b.w.s.FilterRegistrationBean - Mapping filter: 'requestContextFilter' to: [/*]
2017-05-18 16:27:45 [main] o.s.o.j.LocalContainerEntityManagerFactoryBean - Building JPA container EntityManagerFactory for persistence unit 'default'
2017-05-18 16:27:45 [main] o.h.jpa.internal.util.LogHelper - HHH000204: Processing PersistenceUnitInfo [
	name: default
	...]
2017-05-18 16:27:45 [main] org.hibernate.Version - HHH000412: Hibernate Core {5.0.11.Final}
2017-05-18 16:27:45 [main] org.hibernate.cfg.Environment - HHH000206: hibernate.properties not found
2017-05-18 16:27:45 [main] org.hibernate.cfg.Environment - HHH000021: Bytecode provider name : javassist
2017-05-18 16:27:45 [main] o.h.annotations.common.Version - HCANN000001: Hibernate Commons Annotations {5.0.1.Final}
2017-05-18 16:27:45 [main] org.hibernate.dialect.Dialect - HHH000400: Using dialect: com.orleven.tentacle.config.SQLiteDialect
2017-05-18 16:27:45 [main] o.h.e.j.e.i.LobCreatorBuilderImpl - HHH000423: Disabling contextual LOB creation as JDBC driver reported JDBC version [2] less than 4
2017-05-18 16:27:45 [main] org.hibernate.tuple.PojoInstantiator - HHH000182: No default (no-argument) constructor for class: com.orleven.tentacle.entity.VulnerReport (class must be instantiated by Interceptor)
2017-05-18 16:27:45 [main] o.s.o.j.LocalContainerEntityManagerFactoryBean - Initialized JPA EntityManagerFactory for persistence unit 'default'
2017-05-18 16:27:45 [main] o.s.s.c.ThreadPoolTaskExecutor - Initializing ExecutorService 
2017-05-18 16:27:45 [main] o.s.s.c.ThreadPoolTaskExecutor - Initializing ExecutorService  'myAsyncTest'
2017-05-18 16:27:45 [main] o.s.s.c.ThreadPoolTaskExecutor - Initializing ExecutorService 
2017-05-18 16:27:45 [main] o.s.s.c.ThreadPoolTaskExecutor - Initializing ExecutorService  'myAsync'
2017-05-18 16:27:46 [main] o.s.w.s.m.m.a.RequestMappingHandlerAdapter - Looking for @ControllerAdvice: org.springframework.boot.context.embedded.AnnotationConfigEmbeddedWebApplicationContext@ed7f8b4: startup date [Thu May 18 16:27:42 CST 2017]; root of context hierarchy
2017-05-18 16:27:46 [main] o.s.w.s.m.m.a.RequestMappingHandlerMapping - Mapped "{[/module/pentest],methods=[GET]}" onto public java.lang.String com.orleven.tentacle.commun.Communication.index()
2017-05-18 16:27:46 [main] o.s.w.s.m.m.a.RequestMappingHandlerMapping - Mapped "{[/getPath],methods=[POST]}" onto public java.lang.String com.orleven.tentacle.commun.Communication.getPath(javax.servlet.http.HttpServletRequest)
2017-05-18 16:27:46 [main] o.s.w.s.m.m.a.RequestMappingHandlerMapping - Mapped "{[/getStatus/{id}],methods=[GET]}" onto public java.lang.String com.orleven.tentacle.commun.Communication.getStatus(int)
2017-05-18 16:27:46 [main] o.s.w.s.m.m.a.RequestMappingHandlerMapping - Mapped "{[/setTask]}" onto public java.lang.String com.orleven.tentacle.commun.Communication.setTask()
2017-05-18 16:27:46 [main] o.s.w.s.m.m.a.RequestMappingHandlerMapping - Mapped "{[/startMonitor/{taskName}],methods=[GET]}" onto public java.lang.String com.orleven.tentacle.commun.Communication.startMonitor(java.lang.String)
2017-05-18 16:27:46 [main] o.s.w.s.m.m.a.RequestMappingHandlerMapping - Mapped "{[/error]}" onto public org.springframework.http.ResponseEntity<java.util.Map<java.lang.String, java.lang.Object>> org.springframework.boot.autoconfigure.web.BasicErrorController.error(javax.servlet.http.HttpServletRequest)
2017-05-18 16:27:46 [main] o.s.w.s.m.m.a.RequestMappingHandlerMapping - Mapped "{[/error],produces=[text/html]}" onto public org.springframework.web.servlet.ModelAndView org.springframework.boot.autoconfigure.web.BasicErrorController.errorHtml(javax.servlet.http.HttpServletRequest,javax.servlet.http.HttpServletResponse)
2017-05-18 16:27:46 [main] o.s.w.s.h.SimpleUrlHandlerMapping - Mapped URL path [/webjars/**] onto handler of type [class org.springframework.web.servlet.resource.ResourceHttpRequestHandler]
2017-05-18 16:27:46 [main] o.s.w.s.h.SimpleUrlHandlerMapping - Mapped URL path [/**] onto handler of type [class org.springframework.web.servlet.resource.ResourceHttpRequestHandler]
2017-05-18 16:27:46 [main] o.s.w.s.h.SimpleUrlHandlerMapping - Mapped URL path [/**/favicon.ico] onto handler of type [class org.springframework.web.servlet.resource.ResourceHttpRequestHandler]
2017-05-18 16:27:46 [main] o.s.j.e.a.AnnotationMBeanExporter - Registering beans for JMX exposure on startup
2017-05-18 16:27:46 [main] o.s.s.a.ScheduledAnnotationBeanPostProcessor - No TaskScheduler/ScheduledExecutorService bean found for scheduled processing
2017-05-18 16:27:46 [main] o.s.b.c.e.t.TomcatEmbeddedServletContainer - Tomcat started on port(s): 61234 (http)
2017-05-18 16:27:46 [main] c.o.tentacle.TentacleApplication - Started TentacleApplication in 4.488 seconds (JVM running for 5.125)
2017-05-18 16:27:56 [RMI TCP Connection(2)-100.64.22.235] o.s.b.a.SpringApplicationAdminMXBeanRegistrar$SpringApplicationAdmin - Application shutdown requested.
2017-05-18 16:27:56 [RMI TCP Connection(2)-100.64.22.235] o.s.b.c.e.AnnotationConfigEmbeddedWebApplicationContext - Closing org.springframework.boot.context.embedded.AnnotationConfigEmbeddedWebApplicationContext@ed7f8b4: startup date [Thu May 18 16:27:42 CST 2017]; root of context hierarchy
2017-05-18 16:27:56 [RMI TCP Connection(2)-100.64.22.235] o.s.j.e.a.AnnotationMBeanExporter - Unregistering JMX-exposed beans on shutdown
2017-05-18 16:27:56 [RMI TCP Connection(2)-100.64.22.235] o.s.s.c.ThreadPoolTaskExecutor - Shutting down ExecutorService 'myAsync'
2017-05-18 16:27:56 [RMI TCP Connection(2)-100.64.22.235] o.s.s.c.ThreadPoolTaskExecutor - Shutting down ExecutorService 'myAsyncTest'
2017-05-18 16:27:56 [RMI TCP Connection(2)-100.64.22.235] o.s.o.j.LocalContainerEntityManagerFactoryBean - Closing JPA EntityManagerFactory for persistence unit 'default'
2017-05-18 16:28:17 [main] c.o.tentacle.TentacleApplication - Starting TentacleApplication on DESKTOP-4F745EF with PID 23984 (C:\Soft\MyTools\Java\Tentacle\target\classes started by dell in C:\Soft\MyTools\Java\Tentacle)
2017-05-18 16:28:17 [main] c.o.tentacle.TentacleApplication - The following profiles are active: dev
2017-05-18 16:28:17 [main] o.s.b.c.e.AnnotationConfigEmbeddedWebApplicationContext - Refreshing org.springframework.boot.context.embedded.AnnotationConfigEmbeddedWebApplicationContext@ed7f8b4: startup date [Thu May 18 16:28:17 CST 2017]; root of context hierarchy
2017-05-18 16:28:19 [main] o.s.c.s.PostProcessorRegistrationDelegate$BeanPostProcessorChecker - Bean 'org.springframework.transaction.annotation.ProxyTransactionManagementConfiguration' of type [class org.springframework.transaction.annotation.ProxyTransactionManagementConfiguration$$EnhancerBySpringCGLIB$$c21db9fe] is not eligible for getting processed by all BeanPostProcessors (for example: not eligible for auto-proxying)
2017-05-18 16:28:19 [main] o.s.b.c.e.t.TomcatEmbeddedServletContainer - Tomcat initialized with port(s): 61234 (http)
2017-05-18 16:28:19 [main] o.a.catalina.core.StandardService - Starting service Tomcat
2017-05-18 16:28:19 [main] o.a.catalina.core.StandardEngine - Starting Servlet Engine: Apache Tomcat/8.5.6
2017-05-18 16:28:19 [localhost-startStop-1] o.a.c.c.C.[Tomcat].[localhost].[/] - Initializing Spring embedded WebApplicationContext
2017-05-18 16:28:19 [localhost-startStop-1] o.s.web.context.ContextLoader - Root WebApplicationContext: initialization completed in 1897 ms
2017-05-18 16:28:19 [localhost-startStop-1] o.s.b.w.s.ServletRegistrationBean - Mapping servlet: 'dispatcherServlet' to [/]
2017-05-18 16:28:19 [localhost-startStop-1] o.s.b.w.s.FilterRegistrationBean - Mapping filter: 'characterEncodingFilter' to: [/*]
2017-05-18 16:28:19 [localhost-startStop-1] o.s.b.w.s.FilterRegistrationBean - Mapping filter: 'hiddenHttpMethodFilter' to: [/*]
2017-05-18 16:28:19 [localhost-startStop-1] o.s.b.w.s.FilterRegistrationBean - Mapping filter: 'httpPutFormContentFilter' to: [/*]
2017-05-18 16:28:19 [localhost-startStop-1] o.s.b.w.s.FilterRegistrationBean - Mapping filter: 'requestContextFilter' to: [/*]
2017-05-18 16:28:20 [main] o.s.o.j.LocalContainerEntityManagerFactoryBean - Building JPA container EntityManagerFactory for persistence unit 'default'
2017-05-18 16:28:20 [main] o.h.jpa.internal.util.LogHelper - HHH000204: Processing PersistenceUnitInfo [
	name: default
	...]
2017-05-18 16:28:20 [main] org.hibernate.Version - HHH000412: Hibernate Core {5.0.11.Final}
2017-05-18 16:28:20 [main] org.hibernate.cfg.Environment - HHH000206: hibernate.properties not found
2017-05-18 16:28:20 [main] org.hibernate.cfg.Environment - HHH000021: Bytecode provider name : javassist
2017-05-18 16:28:20 [main] o.h.annotations.common.Version - HCANN000001: Hibernate Commons Annotations {5.0.1.Final}
2017-05-18 16:28:20 [main] org.hibernate.dialect.Dialect - HHH000400: Using dialect: com.orleven.tentacle.config.SQLiteDialect
2017-05-18 16:28:20 [main] o.h.e.j.e.i.LobCreatorBuilderImpl - HHH000423: Disabling contextual LOB creation as JDBC driver reported JDBC version [2] less than 4
2017-05-18 16:28:20 [main] org.hibernate.tuple.PojoInstantiator - HHH000182: No default (no-argument) constructor for class: com.orleven.tentacle.entity.VulnerReport (class must be instantiated by Interceptor)
2017-05-18 16:28:20 [main] o.s.o.j.LocalContainerEntityManagerFactoryBean - Initialized JPA EntityManagerFactory for persistence unit 'default'
2017-05-18 16:28:20 [main] o.s.s.c.ThreadPoolTaskExecutor - Initializing ExecutorService 
2017-05-18 16:28:21 [main] o.s.s.c.ThreadPoolTaskExecutor - Initializing ExecutorService  'myAsyncTest'
2017-05-18 16:28:21 [main] o.s.s.c.ThreadPoolTaskExecutor - Initializing ExecutorService 
2017-05-18 16:28:21 [main] o.s.s.c.ThreadPoolTaskExecutor - Initializing ExecutorService  'myAsync'
2017-05-18 16:28:21 [main] o.s.w.s.m.m.a.RequestMappingHandlerAdapter - Looking for @ControllerAdvice: org.springframework.boot.context.embedded.AnnotationConfigEmbeddedWebApplicationContext@ed7f8b4: startup date [Thu May 18 16:28:17 CST 2017]; root of context hierarchy
2017-05-18 16:28:21 [main] o.s.w.s.m.m.a.RequestMappingHandlerMapping - Mapped "{[/module/pentest],methods=[GET]}" onto public java.lang.String com.orleven.tentacle.commun.Communication.index()
2017-05-18 16:28:21 [main] o.s.w.s.m.m.a.RequestMappingHandlerMapping - Mapped "{[/getPath],methods=[POST]}" onto public java.lang.String com.orleven.tentacle.commun.Communication.getPath(javax.servlet.http.HttpServletRequest)
2017-05-18 16:28:21 [main] o.s.w.s.m.m.a.RequestMappingHandlerMapping - Mapped "{[/getStatus/{id}],methods=[GET]}" onto public java.lang.String com.orleven.tentacle.commun.Communication.getStatus(int)
2017-05-18 16:28:21 [main] o.s.w.s.m.m.a.RequestMappingHandlerMapping - Mapped "{[/setTask]}" onto public java.lang.String com.orleven.tentacle.commun.Communication.setTask()
2017-05-18 16:28:21 [main] o.s.w.s.m.m.a.RequestMappingHandlerMapping - Mapped "{[/startMonitor/{taskName}],methods=[GET]}" onto public java.lang.String com.orleven.tentacle.commun.Communication.startMonitor(java.lang.String)
2017-05-18 16:28:21 [main] o.s.w.s.m.m.a.RequestMappingHandlerMapping - Mapped "{[/error]}" onto public org.springframework.http.ResponseEntity<java.util.Map<java.lang.String, java.lang.Object>> org.springframework.boot.autoconfigure.web.BasicErrorController.error(javax.servlet.http.HttpServletRequest)
2017-05-18 16:28:21 [main] o.s.w.s.m.m.a.RequestMappingHandlerMapping - Mapped "{[/error],produces=[text/html]}" onto public org.springframework.web.servlet.ModelAndView org.springframework.boot.autoconfigure.web.BasicErrorController.errorHtml(javax.servlet.http.HttpServletRequest,javax.servlet.http.HttpServletResponse)
2017-05-18 16:28:21 [main] o.s.w.s.h.SimpleUrlHandlerMapping - Mapped URL path [/webjars/**] onto handler of type [class org.springframework.web.servlet.resource.ResourceHttpRequestHandler]
2017-05-18 16:28:21 [main] o.s.w.s.h.SimpleUrlHandlerMapping - Mapped URL path [/**] onto handler of type [class org.springframework.web.servlet.resource.ResourceHttpRequestHandler]
2017-05-18 16:28:21 [main] o.s.w.s.h.SimpleUrlHandlerMapping - Mapped URL path [/**/favicon.ico] onto handler of type [class org.springframework.web.servlet.resource.ResourceHttpRequestHandler]
2017-05-18 16:28:21 [main] o.s.j.e.a.AnnotationMBeanExporter - Registering beans for JMX exposure on startup
2017-05-18 16:28:21 [main] o.s.s.a.ScheduledAnnotationBeanPostProcessor - No TaskScheduler/ScheduledExecutorService bean found for scheduled processing
2017-05-18 16:28:21 [main] o.s.b.c.e.t.TomcatEmbeddedServletContainer - Tomcat started on port(s): 61234 (http)
2017-05-18 16:28:21 [main] c.o.tentacle.TentacleApplication - Started TentacleApplication in 4.444 seconds (JVM running for 5.107)
2017-05-18 16:29:57 [RMI TCP Connection(2)-100.64.22.235] o.s.b.a.SpringApplicationAdminMXBeanRegistrar$SpringApplicationAdmin - Application shutdown requested.
2017-05-18 16:29:57 [RMI TCP Connection(2)-100.64.22.235] o.s.b.c.e.AnnotationConfigEmbeddedWebApplicationContext - Closing org.springframework.boot.context.embedded.AnnotationConfigEmbeddedWebApplicationContext@ed7f8b4: startup date [Thu May 18 16:28:17 CST 2017]; root of context hierarchy
2017-05-18 16:29:57 [RMI TCP Connection(2)-100.64.22.235] o.s.j.e.a.AnnotationMBeanExporter - Unregistering JMX-exposed beans on shutdown
2017-05-18 16:29:57 [RMI TCP Connection(2)-100.64.22.235] o.s.s.c.ThreadPoolTaskExecutor - Shutting down ExecutorService 'myAsync'
2017-05-18 16:29:57 [RMI TCP Connection(2)-100.64.22.235] o.s.s.c.ThreadPoolTaskExecutor - Shutting down ExecutorService 'myAsyncTest'
2017-05-18 16:29:57 [RMI TCP Connection(2)-100.64.22.235] o.s.o.j.LocalContainerEntityManagerFactoryBean - Closing JPA EntityManagerFactory for persistence unit 'default'
